<?xml version="1.0" encoding="UTF-8"?>
<!-- Generated by org.testng.reporters.JUnitReportReporter -->
<testsuite hostname="LTIN447807" failures="0" tests="1" name="Fuctionalities.IshaHomes" time="0.454" errors="0" timestamp="2024-04-01T11:07:29 IST" skipped="0">
  <testcase classname="Fuctionalities.IshaHomes" name="count" time="0.454"/>
</testsuite> <!-- Fuctionalities.IshaHomes -->
