<?xml version="1.0" encoding="UTF-8"?>
<!-- Generated by org.testng.reporters.JUnitReportReporter -->
<testsuite hostname="LTIN447807" failures="0" tests="2" name="Fuctionalities.AddAndRemove" time="14.133" errors="0" timestamp="2024-03-15T16:04:25 IST" skipped="0">
  <testcase classname="Fuctionalities.AddAndRemove" name="delete" time="5.647"/>
  <testcase classname="Fuctionalities.AddAndRemove" name="add" time="8.486"/>
</testsuite> <!-- Fuctionalities.AddAndRemove -->
