<?xml version="1.0" encoding="UTF-8"?>
<!-- Generated by org.testng.reporters.JUnitReportReporter -->
<testsuite hostname="LTIN447807" failures="0" tests="1" name="Fuctionalities.Windows" time="7.148" errors="0" timestamp="2024-03-27T18:26:46 IST" skipped="0">
  <testcase classname="Fuctionalities.Windows" name="multipleWindow" time="7.148"/>
</testsuite> <!-- Fuctionalities.Windows -->
