<?xml version="1.0" encoding="UTF-8"?>
<!-- Generated by org.testng.reporters.JUnitReportReporter -->
<testsuite hostname="LTIN447807" failures="0" tests="1" name="Fuctionalities.DropDown" time="6.961" errors="0" timestamp="2024-03-27T11:18:54 IST" skipped="0">
  <testcase classname="Fuctionalities.DropDown" name="drop" time="6.961"/>
</testsuite> <!-- Fuctionalities.DropDown -->
