<?xml version="1.0" encoding="UTF-8"?>
<!-- Generated by org.testng.reporters.JUnitReportReporter -->
<testsuite hostname="LTIN447807" failures="0" tests="1" name="Fuctionalities.DragAndDrop" time="0.920" errors="0" timestamp="2024-03-26T16:26:25 IST" skipped="0">
  <testcase classname="Fuctionalities.DragAndDrop" name="dd" time="0.920"/>
</testsuite> <!-- Fuctionalities.DragAndDrop -->
